<?xml version="1.0" encoding="UTF-8"?>
<testsuite name="com.example.account.controller.AccountControllerTest" tests="4" skipped="0" failures="0" errors="0" timestamp="2024-06-18T20:02:27" hostname="osodam-ui-MacBookPro.local" time="0.221">
  <properties/>
  <testcase name="유저 당 최대 계좌는 10개" classname="com.example.account.controller.AccountControllerTest" time="0.211"/>
  <testcase name="해당 유저 없음: 계좌 생성 실패" classname="com.example.account.controller.AccountControllerTest" time="0.001"/>
  <testcase name="createFirstAccount()" classname="com.example.account.controller.AccountControllerTest" time="0.007"/>
  <testcase name="createAccountSuccess()" classname="com.example.account.controller.AccountControllerTest" time="0.001"/>
  <system-out><![CDATA[]]></system-out>
  <system-err><![CDATA[]]></system-err>
</testsuite>
